<?xml version="1.0" encoding="UTF-8"?>
<coverage generated="1622804557846" clover="3.2.0">
  <project timestamp="1622804557846" name="All files">
    <metrics statements="55" coveredstatements="54" conditionals="37" coveredconditionals="36" methods="9" coveredmethods="9" elements="101" coveredelements="99" complexity="0" loc="55" ncloc="55" packages="1" files="1" classes="1"/>
    <file name="moveWater.ts" path="/home/tkiat/Sync/Local/Git/tkiat.github.io/src/nav-sub/moveWater.ts">
      <metrics statements="55" coveredstatements="54" conditionals="37" coveredconditionals="36" methods="9" coveredmethods="9"/>
      <line num="4" count="1" type="stmt"/>
      <line num="5" count="5" type="cond" truecount="5" falsecount="0"/>
      <line num="7" count="2" type="stmt"/>
      <line num="8" count="2" type="cond" truecount="2" falsecount="0"/>
      <line num="9" count="2" type="stmt"/>
      <line num="10" count="2" type="stmt"/>
      <line num="12" count="2" type="stmt"/>
      <line num="13" count="2" type="cond" truecount="2" falsecount="0"/>
      <line num="15" count="2" type="stmt"/>
      <line num="16" count="4" type="stmt"/>
      <line num="17" count="4" type="cond" truecount="2" falsecount="0"/>
      <line num="20" count="2" type="stmt"/>
      <line num="22" count="2" type="stmt"/>
      <line num="25" count="1" type="stmt"/>
      <line num="32" count="8" type="cond" truecount="4" falsecount="0"/>
      <line num="33" count="7" type="cond" truecount="4" falsecount="0"/>
      <line num="34" count="6" type="cond" truecount="4" falsecount="0"/>
      <line num="35" count="4" type="cond" truecount="4" falsecount="0"/>
      <line num="36" count="2" type="cond" truecount="4" falsecount="0"/>
      <line num="37" count="1" type="cond" truecount="3" falsecount="1"/>
      <line num="38" count="0" type="stmt"/>
      <line num="41" count="1" type="stmt"/>
      <line num="42" count="1" type="stmt"/>
      <line num="43" count="1" type="stmt"/>
      <line num="45" count="1" type="stmt"/>
      <line num="46" count="1" type="stmt"/>
      <line num="48" count="1" type="stmt"/>
      <line num="49" count="1" type="stmt"/>
      <line num="50" count="1" type="stmt"/>
      <line num="52" count="1" type="stmt"/>
      <line num="53" count="1" type="stmt"/>
      <line num="55" count="1" type="stmt"/>
      <line num="56" count="2" type="stmt"/>
      <line num="57" count="2" type="stmt"/>
      <line num="59" count="2" type="stmt"/>
      <line num="60" count="2" type="stmt"/>
      <line num="62" count="1" type="stmt"/>
      <line num="63" count="2" type="stmt"/>
      <line num="64" count="2" type="stmt"/>
      <line num="66" count="2" type="stmt"/>
      <line num="67" count="2" type="stmt"/>
      <line num="69" count="1" type="stmt"/>
      <line num="70" count="1" type="stmt"/>
      <line num="71" count="1" type="stmt"/>
      <line num="72" count="1" type="stmt"/>
      <line num="74" count="1" type="stmt"/>
      <line num="75" count="1" type="stmt"/>
      <line num="76" count="1" type="stmt"/>
      <line num="77" count="1" type="stmt"/>
      <line num="80" count="1" type="stmt"/>
      <line num="81" count="16" type="stmt"/>
      <line num="82" count="16" type="cond" truecount="2" falsecount="0"/>
      <line num="83" count="14" type="stmt"/>
      <line num="84" count="14" type="stmt"/>
      <line num="85" count="14" type="stmt"/>
    </file>
  </project>
</coverage>
