<?xml version="1.0" encoding="UTF-8"?>
<coverage generated="1622797612405" clover="3.2.0">
  <project timestamp="1622797612406" name="All files">
    <metrics statements="55" coveredstatements="51" conditionals="37" coveredconditionals="35" methods="9" coveredmethods="9" elements="101" coveredelements="95" complexity="0" loc="55" ncloc="55" packages="1" files="1" classes="1"/>
    <file name="moveWater.ts" path="/home/tkiat/Sync/Local/Git/tkiat.github.io/src/nav-sub/moveWater.ts">
      <metrics statements="55" coveredstatements="51" conditionals="37" coveredconditionals="35" methods="9" coveredmethods="9"/>
      <line num="4" count="1" type="stmt"/>
      <line num="5" count="11" type="cond" truecount="5" falsecount="0"/>
      <line num="7" count="8" type="stmt"/>
      <line num="8" count="8" type="cond" truecount="2" falsecount="0"/>
      <line num="9" count="8" type="stmt"/>
      <line num="10" count="8" type="stmt"/>
      <line num="12" count="8" type="stmt"/>
      <line num="13" count="8" type="cond" truecount="2" falsecount="0"/>
      <line num="15" count="8" type="stmt"/>
      <line num="16" count="12" type="stmt"/>
      <line num="17" count="12" type="cond" truecount="2" falsecount="0"/>
      <line num="20" count="8" type="stmt"/>
      <line num="22" count="8" type="stmt"/>
      <line num="25" count="1" type="stmt"/>
      <line num="32" count="28" type="cond" truecount="4" falsecount="0"/>
      <line num="33" count="24" type="cond" truecount="4" falsecount="0"/>
      <line num="34" count="20" type="cond" truecount="4" falsecount="0"/>
      <line num="35" count="14" type="cond" truecount="4" falsecount="0"/>
      <line num="36" count="8" type="cond" truecount="4" falsecount="0"/>
      <line num="37" count="4" type="cond" truecount="3" falsecount="1"/>
      <line num="38" count="0" type="stmt"/>
      <line num="41" count="1" type="stmt"/>
      <line num="42" count="4" type="stmt"/>
      <line num="43" count="4" type="stmt"/>
      <line num="45" count="4" type="stmt"/>
      <line num="46" count="4" type="stmt"/>
      <line num="48" count="1" type="stmt"/>
      <line num="49" count="4" type="stmt"/>
      <line num="50" count="4" type="stmt"/>
      <line num="52" count="4" type="stmt"/>
      <line num="53" count="4" type="stmt"/>
      <line num="55" count="1" type="stmt"/>
      <line num="56" count="6" type="stmt"/>
      <line num="57" count="6" type="stmt"/>
      <line num="59" count="6" type="stmt"/>
      <line num="60" count="6" type="stmt"/>
      <line num="62" count="1" type="stmt"/>
      <line num="63" count="6" type="stmt"/>
      <line num="64" count="6" type="stmt"/>
      <line num="66" count="6" type="stmt"/>
      <line num="67" count="6" type="stmt"/>
      <line num="69" count="1" type="stmt"/>
      <line num="70" count="4" type="stmt"/>
      <line num="71" count="4" type="stmt"/>
      <line num="72" count="4" type="stmt"/>
      <line num="74" count="1" type="stmt"/>
      <line num="75" count="4" type="stmt"/>
      <line num="76" count="4" type="stmt"/>
      <line num="77" count="4" type="stmt"/>
      <line num="80" count="1" type="stmt"/>
      <line num="81" count="56" type="stmt"/>
      <line num="82" count="56" type="cond" truecount="1" falsecount="1"/>
      <line num="83" count="0" type="stmt"/>
      <line num="84" count="0" type="stmt"/>
      <line num="85" count="0" type="stmt"/>
    </file>
  </project>
</coverage>
