{"/home/tkiat/Sync/Local/Git/tkiat.github.io/src/nav-sub/moveWater.ts": {"path":"/home/tkiat/Sync/Local/Git/tkiat.github.io/src/nav-sub/moveWater.ts","statementMap":{"0":{"start":{"line":4,"column":25},"end":{"line":23,"column":1}},"1":{"start":{"line":5,"column":2},"end":{"line":5,"column":null}},"2":{"start":{"line":5,"column":41},"end":{"line":5,"column":null}},"3":{"start":{"line":7,"column":24},"end":{"line":7,"column":33}},"4":{"start":{"line":8,"column":18},"end":{"line":8,"column":50}},"5":{"start":{"line":9,"column":17},"end":{"line":9,"column":18}},"6":{"start":{"line":10,"column":18},"end":{"line":10,"column":22}},"7":{"start":{"line":12,"column":2},"end":{"line":12,"column":null}},"8":{"start":{"line":13,"column":2},"end":{"line":13,"column":null}},"9":{"start":{"line":15,"column":2},"end":{"line":18,"column":null}},"10":{"start":{"line":16,"column":4},"end":{"line":16,"column":null}},"11":{"start":{"line":17,"column":4},"end":{"line":17,"column":null}},"12":{"start":{"line":20,"column":2},"end":{"line":20,"column":null}},"13":{"start":{"line":22,"column":2},"end":{"line":22,"column":null}},"14":{"start":{"line":4,"column":13},"end":{"line":4,"column":25}},"15":{"start":{"line":25,"column":28},"end":{"line":39,"column":1}},"16":{"start":{"line":32,"column":2},"end":{"line":38,"column":null}},"17":{"start":{"line":32,"column":46},"end":{"line":32,"column":null}},"18":{"start":{"line":33,"column":7},"end":{"line":38,"column":null}},"19":{"start":{"line":33,"column":52},"end":{"line":33,"column":null}},"20":{"start":{"line":34,"column":7},"end":{"line":38,"column":null}},"21":{"start":{"line":34,"column":50},"end":{"line":34,"column":null}},"22":{"start":{"line":35,"column":7},"end":{"line":38,"column":null}},"23":{"start":{"line":35,"column":51},"end":{"line":35,"column":null}},"24":{"start":{"line":36,"column":7},"end":{"line":38,"column":null}},"25":{"start":{"line":36,"column":51},"end":{"line":36,"column":null}},"26":{"start":{"line":37,"column":7},"end":{"line":38,"column":null}},"27":{"start":{"line":37,"column":52},"end":{"line":37,"column":null}},"28":{"start":{"line":38,"column":7},"end":{"line":38,"column":null}},"29":{"start":{"line":41,"column":25},"end":{"line":47,"column":1}},"30":{"start":{"line":42,"column":2},"end":{"line":42,"column":null}},"31":{"start":{"line":43,"column":2},"end":{"line":43,"column":null}},"32":{"start":{"line":45,"column":20},"end":{"line":45,"column":49}},"33":{"start":{"line":46,"column":2},"end":{"line":46,"column":null}},"34":{"start":{"line":48,"column":26},"end":{"line":54,"column":1}},"35":{"start":{"line":49,"column":2},"end":{"line":49,"column":null}},"36":{"start":{"line":50,"column":2},"end":{"line":50,"column":null}},"37":{"start":{"line":52,"column":20},"end":{"line":52,"column":45}},"38":{"start":{"line":53,"column":2},"end":{"line":53,"column":null}},"39":{"start":{"line":55,"column":24},"end":{"line":61,"column":1}},"40":{"start":{"line":56,"column":2},"end":{"line":56,"column":null}},"41":{"start":{"line":57,"column":2},"end":{"line":57,"column":null}},"42":{"start":{"line":59,"column":20},"end":{"line":59,"column":50}},"43":{"start":{"line":60,"column":2},"end":{"line":60,"column":null}},"44":{"start":{"line":62,"column":25},"end":{"line":68,"column":1}},"45":{"start":{"line":63,"column":2},"end":{"line":63,"column":null}},"46":{"start":{"line":64,"column":2},"end":{"line":64,"column":null}},"47":{"start":{"line":66,"column":20},"end":{"line":66,"column":50}},"48":{"start":{"line":67,"column":2},"end":{"line":67,"column":null}},"49":{"start":{"line":69,"column":25},"end":{"line":73,"column":1}},"50":{"start":{"line":70,"column":2},"end":{"line":70,"column":null}},"51":{"start":{"line":71,"column":2},"end":{"line":71,"column":null}},"52":{"start":{"line":72,"column":2},"end":{"line":72,"column":null}},"53":{"start":{"line":74,"column":26},"end":{"line":78,"column":1}},"54":{"start":{"line":75,"column":2},"end":{"line":75,"column":null}},"55":{"start":{"line":76,"column":2},"end":{"line":76,"column":null}},"56":{"start":{"line":77,"column":2},"end":{"line":77,"column":null}},"57":{"start":{"line":80,"column":25},"end":{"line":86,"column":1}},"58":{"start":{"line":81,"column":22},"end":{"line":81,"column":102}},"59":{"start":{"line":82,"column":2},"end":{"line":82,"column":26}},"60":{"start":{"line":82,"column":20},"end":{"line":82,"column":26}},"61":{"start":{"line":83,"column":2},"end":{"line":83,"column":null}},"62":{"start":{"line":84,"column":2},"end":{"line":84,"column":null}},"63":{"start":{"line":85,"column":2},"end":{"line":85,"column":null}}},"fnMap":{"0":{"name":"(anonymous_0)","decl":{"start":{"line":4,"column":25},"end":{"line":4,"column":26}},"loc":{"start":{"line":4,"column":81},"end":{"line":23,"column":1}}},"1":{"name":"(anonymous_1)","decl":{"start":{"line":25,"column":28},"end":{"line":25,"column":null}},"loc":{"start":{"line":31,"column":12},"end":{"line":39,"column":1}}},"2":{"name":"(anonymous_2)","decl":{"start":{"line":41,"column":25},"end":{"line":41,"column":26}},"loc":{"start":{"line":41,"column":89},"end":{"line":47,"column":1}}},"3":{"name":"(anonymous_3)","decl":{"start":{"line":48,"column":26},"end":{"line":48,"column":27}},"loc":{"start":{"line":48,"column":90},"end":{"line":54,"column":1}}},"4":{"name":"(anonymous_4)","decl":{"start":{"line":55,"column":24},"end":{"line":55,"column":25}},"loc":{"start":{"line":55,"column":88},"end":{"line":61,"column":1}}},"5":{"name":"(anonymous_5)","decl":{"start":{"line":62,"column":25},"end":{"line":62,"column":26}},"loc":{"start":{"line":62,"column":89},"end":{"line":68,"column":1}}},"6":{"name":"(anonymous_6)","decl":{"start":{"line":69,"column":25},"end":{"line":69,"column":26}},"loc":{"start":{"line":69,"column":70},"end":{"line":73,"column":1}}},"7":{"name":"(anonymous_7)","decl":{"start":{"line":74,"column":26},"end":{"line":74,"column":27}},"loc":{"start":{"line":74,"column":71},"end":{"line":78,"column":1}}},"8":{"name":"(anonymous_8)","decl":{"start":{"line":80,"column":25},"end":{"line":80,"column":26}},"loc":{"start":{"line":80,"column":95},"end":{"line":86,"column":1}}}},"branchMap":{"0":{"loc":{"start":{"line":5,"column":2},"end":{"line":5,"column":null}},"type":"if","locations":[{"start":{"line":5,"column":2},"end":{"line":5,"column":null}},{"start":{"line":5,"column":2},"end":{"line":5,"column":null}}]},"1":{"loc":{"start":{"line":5,"column":6},"end":{"line":5,"column":17}},"type":"binary-expr","locations":[{"start":{"line":5,"column":6},"end":{"line":5,"column":17}},{"start":{"line":5,"column":21},"end":{"line":5,"column":29}},{"start":{"line":5,"column":33},"end":{"line":5,"column":39}}]},"2":{"loc":{"start":{"line":8,"column":34},"end":{"line":8,"column":41}},"type":"cond-expr","locations":[{"start":{"line":8,"column":34},"end":{"line":8,"column":41}},{"start":{"line":8,"column":44},"end":{"line":8,"column":50}}]},"3":{"loc":{"start":{"line":13,"column":25},"end":{"line":13,"column":26}},"type":"cond-expr","locations":[{"start":{"line":13,"column":25},"end":{"line":13,"column":26}},{"start":{"line":13,"column":29},"end":{"line":13,"column":31}}]},"4":{"loc":{"start":{"line":17,"column":27},"end":{"line":17,"column":28}},"type":"cond-expr","locations":[{"start":{"line":17,"column":27},"end":{"line":17,"column":28}},{"start":{"line":17,"column":31},"end":{"line":17,"column":33}}]},"5":{"loc":{"start":{"line":32,"column":2},"end":{"line":38,"column":null}},"type":"if","locations":[{"start":{"line":32,"column":2},"end":{"line":38,"column":null}},{"start":{"line":32,"column":2},"end":{"line":38,"column":null}}]},"6":{"loc":{"start":{"line":32,"column":6},"end":{"line":32,"column":22}},"type":"binary-expr","locations":[{"start":{"line":32,"column":6},"end":{"line":32,"column":22}},{"start":{"line":32,"column":26},"end":{"line":32,"column":44}}]},"7":{"loc":{"start":{"line":33,"column":7},"end":{"line":38,"column":null}},"type":"if","locations":[{"start":{"line":33,"column":7},"end":{"line":38,"column":null}},{"start":{"line":33,"column":7},"end":{"line":38,"column":null}}]},"8":{"loc":{"start":{"line":33,"column":11},"end":{"line":33,"column":27}},"type":"binary-expr","locations":[{"start":{"line":33,"column":11},"end":{"line":33,"column":27}},{"start":{"line":33,"column":31},"end":{"line":33,"column":50}}]},"9":{"loc":{"start":{"line":34,"column":7},"end":{"line":38,"column":null}},"type":"if","locations":[{"start":{"line":34,"column":7},"end":{"line":38,"column":null}},{"start":{"line":34,"column":7},"end":{"line":38,"column":null}}]},"10":{"loc":{"start":{"line":34,"column":11},"end":{"line":34,"column":26}},"type":"binary-expr","locations":[{"start":{"line":34,"column":11},"end":{"line":34,"column":26}},{"start":{"line":34,"column":30},"end":{"line":34,"column":48}}]},"11":{"loc":{"start":{"line":35,"column":7},"end":{"line":38,"column":null}},"type":"if","locations":[{"start":{"line":35,"column":7},"end":{"line":38,"column":null}},{"start":{"line":35,"column":7},"end":{"line":38,"column":null}}]},"12":{"loc":{"start":{"line":35,"column":11},"end":{"line":35,"column":26}},"type":"binary-expr","locations":[{"start":{"line":35,"column":11},"end":{"line":35,"column":26}},{"start":{"line":35,"column":30},"end":{"line":35,"column":49}}]},"13":{"loc":{"start":{"line":36,"column":7},"end":{"line":38,"column":null}},"type":"if","locations":[{"start":{"line":36,"column":7},"end":{"line":38,"column":null}},{"start":{"line":36,"column":7},"end":{"line":38,"column":null}}]},"14":{"loc":{"start":{"line":36,"column":11},"end":{"line":36,"column":27}},"type":"binary-expr","locations":[{"start":{"line":36,"column":11},"end":{"line":36,"column":27}},{"start":{"line":36,"column":31},"end":{"line":36,"column":49}}]},"15":{"loc":{"start":{"line":37,"column":7},"end":{"line":38,"column":null}},"type":"if","locations":[{"start":{"line":37,"column":7},"end":{"line":38,"column":null}},{"start":{"line":37,"column":7},"end":{"line":38,"column":null}}]},"16":{"loc":{"start":{"line":37,"column":11},"end":{"line":37,"column":27}},"type":"binary-expr","locations":[{"start":{"line":37,"column":11},"end":{"line":37,"column":27}},{"start":{"line":37,"column":31},"end":{"line":37,"column":50}}]},"17":{"loc":{"start":{"line":82,"column":2},"end":{"line":82,"column":26}},"type":"if","locations":[{"start":{"line":82,"column":2},"end":{"line":82,"column":26}},{"start":{"line":82,"column":2},"end":{"line":82,"column":26}}]}},"s":{"0":1,"1":11,"2":3,"3":8,"4":8,"5":8,"6":8,"7":8,"8":8,"9":8,"10":12,"11":12,"12":8,"13":8,"14":1,"15":1,"16":28,"17":4,"18":24,"19":4,"20":20,"21":6,"22":14,"23":6,"24":8,"25":4,"26":4,"27":4,"28":0,"29":1,"30":4,"31":4,"32":4,"33":4,"34":1,"35":4,"36":4,"37":4,"38":4,"39":1,"40":6,"41":6,"42":6,"43":6,"44":1,"45":6,"46":6,"47":6,"48":6,"49":1,"50":4,"51":4,"52":4,"53":1,"54":4,"55":4,"56":4,"57":1,"58":56,"59":56,"60":56,"61":0,"62":0,"63":0},"f":{"0":11,"1":28,"2":4,"3":4,"4":6,"5":6,"6":4,"7":4,"8":56},"b":{"0":[3,8],"1":[11,10,9],"2":[4,4],"3":[4,4],"4":[6,6],"5":[4,24],"6":[28,8],"7":[4,20],"8":[24,4],"9":[6,14],"10":[20,12],"11":[6,8],"12":[14,6],"13":[4,4],"14":[8,8],"15":[4,0],"16":[4,4],"17":[56,0]}}
}
