TN:
SF:src/canvas/wave/drawWaves.ts
FN:4,(anonymous_0)
FN:6,(anonymous_1)
FN:11,(anonymous_2)
FNF:3
FNH:3
FNDA:2,(anonymous_0)
FNDA:2,(anonymous_1)
FNDA:2,(anonymous_2)
DA:4,1
DA:5,2
DA:6,2
DA:7,2
DA:11,1
DA:12,2
DA:13,2
DA:15,2
DA:16,2
DA:17,2
DA:19,2
DA:20,8
DA:22,8
DA:23,8
DA:24,8
DA:26,8
DA:27,8
DA:29,2
DA:30,2
DA:31,2
DA:32,2
DA:34,2
DA:35,2
LF:23
LH:23
BRF:0
BRH:0
end_of_record
TN:
SF:src/canvas/wave/moveItemsAlongWave.ts
FN:4,(anonymous_0)
FNF:1
FNH:1
FNDA:3,(anonymous_0)
DA:4,1
DA:5,3
DA:6,2
DA:7,8
DA:8,8
DA:10,8
DA:12,8
DA:14,2
LF:8
LH:8
BRDA:5,0,0,1
BRDA:5,0,1,2
BRF:2
BRH:2
end_of_record
TN:
SF:src/canvas/wave/point.ts
FN:3,(anonymous_0)
FN:8,(anonymous_1)
FN:13,(anonymous_2)
FNF:3
FNH:3
FNDA:24,(anonymous_0)
FNDA:9,(anonymous_1)
FNDA:62,(anonymous_2)
DA:3,4
DA:4,24
DA:5,24
DA:7,24
DA:9,9
DA:10,9
DA:14,62
DA:19,4
LF:8
LH:8
BRF:0
BRH:0
end_of_record
TN:
SF:src/canvas/wave/wave.ts
FN:6,(anonymous_0)
FN:15,(anonymous_1)
FN:33,(anonymous_2)
FNF:3
FNH:3
FNDA:4,(anonymous_0)
FNDA:4,(anonymous_1)
FNDA:4,(anonymous_2)
DA:4,3
DA:6,3
DA:7,4
DA:8,4
DA:9,4
DA:10,4
DA:11,18
DA:13,4
DA:15,3
DA:16,4
DA:18,4
DA:19,18
DA:30,4
DA:33,3
DA:34,4
DA:35,4
DA:40,3
LF:17
LH:17
BRF:0
BRH:0
end_of_record
TN:
SF:src/nav-sub/moveWater.ts
FN:4,(anonymous_0)
FN:25,(anonymous_1)
FN:41,(anonymous_2)
FN:48,(anonymous_3)
FN:55,(anonymous_4)
FN:62,(anonymous_5)
FN:69,(anonymous_6)
FN:74,(anonymous_7)
FN:80,(anonymous_8)
FNF:9
FNH:9
FNDA:5,(anonymous_0)
FNDA:8,(anonymous_1)
FNDA:1,(anonymous_2)
FNDA:1,(anonymous_3)
FNDA:2,(anonymous_4)
FNDA:2,(anonymous_5)
FNDA:1,(anonymous_6)
FNDA:1,(anonymous_7)
FNDA:16,(anonymous_8)
DA:4,1
DA:5,5
DA:7,2
DA:8,2
DA:9,2
DA:10,2
DA:12,2
DA:13,2
DA:15,2
DA:16,4
DA:17,4
DA:20,2
DA:22,2
DA:25,1
DA:32,8
DA:33,7
DA:34,6
DA:35,4
DA:36,2
DA:37,1
DA:38,0
DA:41,1
DA:42,1
DA:43,1
DA:45,1
DA:46,1
DA:48,1
DA:49,1
DA:50,1
DA:52,1
DA:53,1
DA:55,1
DA:56,2
DA:57,2
DA:59,2
DA:60,2
DA:62,1
DA:63,2
DA:64,2
DA:66,2
DA:67,2
DA:69,1
DA:70,1
DA:71,1
DA:72,1
DA:74,1
DA:75,1
DA:76,1
DA:77,1
DA:80,1
DA:81,16
DA:82,16
DA:83,14
DA:84,14
DA:85,14
LF:55
LH:54
BRDA:5,0,0,3
BRDA:5,0,1,2
BRDA:5,1,0,5
BRDA:5,1,1,4
BRDA:5,1,2,3
BRDA:8,2,0,1
BRDA:8,2,1,1
BRDA:13,3,0,1
BRDA:13,3,1,1
BRDA:17,4,0,2
BRDA:17,4,1,2
BRDA:32,5,0,1
BRDA:32,5,1,7
BRDA:32,6,0,8
BRDA:32,6,1,2
BRDA:33,7,0,1
BRDA:33,7,1,6
BRDA:33,8,0,7
BRDA:33,8,1,1
BRDA:34,9,0,2
BRDA:34,9,1,4
BRDA:34,10,0,6
BRDA:34,10,1,4
BRDA:35,11,0,2
BRDA:35,11,1,2
BRDA:35,12,0,4
BRDA:35,12,1,2
BRDA:36,13,0,1
BRDA:36,13,1,1
BRDA:36,14,0,2
BRDA:36,14,1,2
BRDA:37,15,0,1
BRDA:37,15,1,0
BRDA:37,16,0,1
BRDA:37,16,1,1
BRDA:82,17,0,2
BRDA:82,17,1,14
BRF:37
BRH:36
end_of_record
